

Started GET "/assets/rails.png" for 127.0.0.1 at 2012-05-31 22:59:59 +0100
Connecting to database specified by database.yml
Served asset /rails.png - 200 OK (8ms)


Started GET "/assets/rails.png" for 127.0.0.1 at 2012-05-31 23:02:40 +0100
Served asset /rails.png - 304 Not Modified (0ms)


Started GET "/assets/rails.png" for 127.0.0.1 at 2012-05-31 23:05:23 +0100
Served asset /rails.png - 304 Not Modified (0ms)


Started GET "/rails/info/properties" for 127.0.0.1 at 2012-05-31 23:05:25 +0100
Processing by Rails::InfoController#properties as */*
  Rendered inline template (2.1ms)
Completed 200 OK in 54ms (Views: 53.3ms | ActiveRecord: 0.0ms)


Started GET "/assets/rails.png" for 127.0.0.1 at 2012-05-31 23:41:31 +0100
Connecting to database specified by database.yml
Served asset /rails.png - 304 Not Modified (2ms)


Started GET "/users/register" for 127.0.0.1 at 2012-05-31 23:41:40 +0100

ActionController::RoutingError (No route matches [GET] "/users/register"):
  actionpack (3.2.4) lib/action_dispatch/middleware/debug_exceptions.rb:21:in `call'
  actionpack (3.2.4) lib/action_dispatch/middleware/show_exceptions.rb:56:in `call'
  railties (3.2.4) lib/rails/rack/logger.rb:26:in `call_app'
  railties (3.2.4) lib/rails/rack/logger.rb:16:in `call'
  actionpack (3.2.4) lib/action_dispatch/middleware/request_id.rb:22:in `call'
  rack (1.4.1) lib/rack/methodoverride.rb:21:in `call'
  rack (1.4.1) lib/rack/runtime.rb:17:in `call'
  activesupport (3.2.4) lib/active_support/cache/strategy/local_cache.rb:72:in `call'
  rack (1.4.1) lib/rack/lock.rb:15:in `call'
  actionpack (3.2.4) lib/action_dispatch/middleware/static.rb:62:in `call'
  railties (3.2.4) lib/rails/engine.rb:479:in `call'
  railties (3.2.4) lib/rails/application.rb:220:in `call'
  rack (1.4.1) lib/rack/content_length.rb:14:in `call'
  railties (3.2.4) lib/rails/rack/log_tailer.rb:17:in `call'
  rack (1.4.1) lib/rack/handler/webrick.rb:59:in `service'
  /Users/johnny_foe/.rvm/rubies/ruby-1.9.3-p0/lib/ruby/1.9.1/webrick/httpserver.rb:138:in `service'
  /Users/johnny_foe/.rvm/rubies/ruby-1.9.3-p0/lib/ruby/1.9.1/webrick/httpserver.rb:94:in `run'
  /Users/johnny_foe/.rvm/rubies/ruby-1.9.3-p0/lib/ruby/1.9.1/webrick/server.rb:191:in `block in start_thread'


  Rendered /Users/johnny_foe/.rvm/gems/ruby-1.9.3-p0@rails3tutorial/gems/actionpack-3.2.4/lib/action_dispatch/middleware/templates/rescues/routing_error.erb within rescues/layout (3.5ms)


Started GET "/users/profile" for 127.0.0.1 at 2012-05-31 23:41:49 +0100

ActionController::RoutingError (No route matches [GET] "/users/profile"):
  actionpack (3.2.4) lib/action_dispatch/middleware/debug_exceptions.rb:21:in `call'
  actionpack (3.2.4) lib/action_dispatch/middleware/show_exceptions.rb:56:in `call'
  railties (3.2.4) lib/rails/rack/logger.rb:26:in `call_app'
  railties (3.2.4) lib/rails/rack/logger.rb:16:in `call'
  actionpack (3.2.4) lib/action_dispatch/middleware/request_id.rb:22:in `call'
  rack (1.4.1) lib/rack/methodoverride.rb:21:in `call'
  rack (1.4.1) lib/rack/runtime.rb:17:in `call'
  activesupport (3.2.4) lib/active_support/cache/strategy/local_cache.rb:72:in `call'
  rack (1.4.1) lib/rack/lock.rb:15:in `call'
  actionpack (3.2.4) lib/action_dispatch/middleware/static.rb:62:in `call'
  railties (3.2.4) lib/rails/engine.rb:479:in `call'
  railties (3.2.4) lib/rails/application.rb:220:in `call'
  rack (1.4.1) lib/rack/content_length.rb:14:in `call'
  railties (3.2.4) lib/rails/rack/log_tailer.rb:17:in `call'
  rack (1.4.1) lib/rack/handler/webrick.rb:59:in `service'
  /Users/johnny_foe/.rvm/rubies/ruby-1.9.3-p0/lib/ruby/1.9.1/webrick/httpserver.rb:138:in `service'
  /Users/johnny_foe/.rvm/rubies/ruby-1.9.3-p0/lib/ruby/1.9.1/webrick/httpserver.rb:94:in `run'
  /Users/johnny_foe/.rvm/rubies/ruby-1.9.3-p0/lib/ruby/1.9.1/webrick/server.rb:191:in `block in start_thread'


  Rendered /Users/johnny_foe/.rvm/gems/ruby-1.9.3-p0@rails3tutorial/gems/actionpack-3.2.4/lib/action_dispatch/middleware/templates/rescues/routing_error.erb within rescues/layout (0.7ms)


Started GET "/users/profile" for 127.0.0.1 at 2012-05-31 23:42:11 +0100
Connecting to database specified by database.yml

ActionController::RoutingError (No route matches [GET] "/users/profile"):
  actionpack (3.2.4) lib/action_dispatch/middleware/debug_exceptions.rb:21:in `call'
  actionpack (3.2.4) lib/action_dispatch/middleware/show_exceptions.rb:56:in `call'
  railties (3.2.4) lib/rails/rack/logger.rb:26:in `call_app'
  railties (3.2.4) lib/rails/rack/logger.rb:16:in `call'
  actionpack (3.2.4) lib/action_dispatch/middleware/request_id.rb:22:in `call'
  rack (1.4.1) lib/rack/methodoverride.rb:21:in `call'
  rack (1.4.1) lib/rack/runtime.rb:17:in `call'
  activesupport (3.2.4) lib/active_support/cache/strategy/local_cache.rb:72:in `call'
  rack (1.4.1) lib/rack/lock.rb:15:in `call'
  actionpack (3.2.4) lib/action_dispatch/middleware/static.rb:62:in `call'
  railties (3.2.4) lib/rails/engine.rb:479:in `call'
  railties (3.2.4) lib/rails/application.rb:220:in `call'
  rack (1.4.1) lib/rack/content_length.rb:14:in `call'
  railties (3.2.4) lib/rails/rack/log_tailer.rb:17:in `call'
  rack (1.4.1) lib/rack/handler/webrick.rb:59:in `service'
  /Users/johnny_foe/.rvm/rubies/ruby-1.9.3-p0/lib/ruby/1.9.1/webrick/httpserver.rb:138:in `service'
  /Users/johnny_foe/.rvm/rubies/ruby-1.9.3-p0/lib/ruby/1.9.1/webrick/httpserver.rb:94:in `run'
  /Users/johnny_foe/.rvm/rubies/ruby-1.9.3-p0/lib/ruby/1.9.1/webrick/server.rb:191:in `block in start_thread'


  Rendered /Users/johnny_foe/.rvm/gems/ruby-1.9.3-p0@rails3tutorial/gems/actionpack-3.2.4/lib/action_dispatch/middleware/templates/rescues/routing_error.erb within rescues/layout (3.0ms)


Started GET "/user/profile" for 127.0.0.1 at 2012-05-31 23:42:57 +0100
Processing by UserController#profile as HTML
  Rendered user/profile.html.erb within layouts/application (0.4ms)
Compiled user.css  (62ms)  (pid 17709)
Compiled application.css  (72ms)  (pid 17709)
Compiled jquery.js  (2ms)  (pid 17709)
Compiled jquery_ujs.js  (0ms)  (pid 17709)
Compiled user.js  (259ms)  (pid 17709)
Compiled application.js  (345ms)  (pid 17709)
Completed 200 OK in 580ms (Views: 579.4ms | ActiveRecord: 0.0ms)


Started GET "/assets/application.css?body=1" for 127.0.0.1 at 2012-05-31 23:42:57 +0100
Served asset /application.css - 200 OK (55ms)


Started GET "/assets/user.css?body=1" for 127.0.0.1 at 2012-05-31 23:42:57 +0100
Served asset /user.css - 200 OK (1ms)


Started GET "/assets/jquery_ujs.js?body=1" for 127.0.0.1 at 2012-05-31 23:42:57 +0100
Served asset /jquery_ujs.js - 200 OK (2ms)


Started GET "/assets/user.js?body=1" for 127.0.0.1 at 2012-05-31 23:42:57 +0100
Served asset /user.js - 200 OK (1ms)


Started GET "/assets/jquery.js?body=1" for 127.0.0.1 at 2012-05-31 23:42:57 +0100
Served asset /jquery.js - 200 OK (6ms)


Started GET "/assets/application.js?body=1" for 127.0.0.1 at 2012-05-31 23:42:57 +0100
Served asset /application.js - 200 OK (17ms)


Started GET "/user/register" for 127.0.0.1 at 2012-05-31 23:43:01 +0100
Processing by UserController#register as HTML
  Rendered user/register.html.erb within layouts/application (0.4ms)
Completed 200 OK in 10ms (Views: 9.9ms | ActiveRecord: 0.0ms)


Started GET "/user/register" for 127.0.0.1 at 2012-05-31 23:46:23 +0100
Processing by UserController#register as HTML
  Rendered user/register.html.erb within layouts/application (0.0ms)
Completed 200 OK in 45ms (Views: 44.4ms | ActiveRecord: 0.0ms)


Started GET "/assets/application.css?body=1" for 127.0.0.1 at 2012-05-31 23:46:23 +0100
Served asset /application.css - 304 Not Modified (0ms)


Started GET "/assets/user.css?body=1" for 127.0.0.1 at 2012-05-31 23:46:23 +0100
Served asset /user.css - 304 Not Modified (0ms)


Started GET "/assets/jquery.js?body=1" for 127.0.0.1 at 2012-05-31 23:46:23 +0100
Served asset /jquery.js - 304 Not Modified (0ms)


Started GET "/assets/jquery_ujs.js?body=1" for 127.0.0.1 at 2012-05-31 23:46:23 +0100
Served asset /jquery_ujs.js - 304 Not Modified (0ms)


Started GET "/assets/user.js?body=1" for 127.0.0.1 at 2012-05-31 23:46:23 +0100
Served asset /user.js - 304 Not Modified (0ms)


Started GET "/assets/application.js?body=1" for 127.0.0.1 at 2012-05-31 23:46:23 +0100
Served asset /application.js - 304 Not Modified (0ms)
